<?xml version="1.0" encoding="UTF-8"?>
<testsuite name="application_operation.ParkFlow.ParkFlowApplicationTests" tests="1" skipped="0" failures="0" errors="0" timestamp="2025-03-05T06:14:58" hostname="IBM-6S24D64" time="0.497">
  <properties/>
  <testcase name="contextLoads()" classname="application_operation.ParkFlow.ParkFlowApplicationTests" time="0.497"/>
  <system-out><![CDATA[14:14:39.059 [Test worker] INFO org.springframework.test.context.support.AnnotationConfigContextLoaderUtils -- Could not detect default configuration classes for test class [application_operation.ParkFlow.ParkFlowApplicationTests]: ParkFlowApplicationTests does not declare any static, non-private, non-final, nested classes annotated with @Configuration.
14:14:39.223 [Test worker] INFO org.springframework.boot.test.context.SpringBootTestContextBootstrapper -- Found @SpringBootConfiguration application_operation.ParkFlow.ParkFlowApplication for test class application_operation.ParkFlow.ParkFlowApplicationTests

  .   ____          _            __ _ _
 /\\ / ___'_ __ _ _(_)_ __  __ _ \ \ \ \
( ( )\___ | '_ | '_| | '_ \/ _` | \ \ \ \
 \\/  ___)| |_)| | | | | || (_| |  ) ) ) )
  '  |____| .__|_| |_|_| |_\__, | / / / /
 =========|_|==============|___/=/_/_/_/

 :: Spring Boot ::                (v3.4.3)

2025-03-05T14:14:39.860+08:00  INFO 27120 --- [ParkFlow] [    Test worker] a.ParkFlow.ParkFlowApplicationTests      : Starting ParkFlowApplicationTests using Java 17.0.12 with PID 27120 (started by StevenSHIH in C:\Users\StevenSHIH\SpringBootProjects\ParkFlow_Backend)
2025-03-05T14:14:39.866+08:00  INFO 27120 --- [ParkFlow] [    Test worker] a.ParkFlow.ParkFlowApplicationTests      : No active profile set, falling back to 1 default profile: "default"
2025-03-05T14:14:41.108+08:00  INFO 27120 --- [ParkFlow] [    Test worker] .s.d.r.c.RepositoryConfigurationDelegate : Bootstrapping Spring Data JPA repositories in DEFAULT mode.
2025-03-05T14:14:41.183+08:00  INFO 27120 --- [ParkFlow] [    Test worker] .s.d.r.c.RepositoryConfigurationDelegate : Finished Spring Data repository scanning in 64 ms. Found 1 JPA repository interface.
2025-03-05T14:14:41.858+08:00  INFO 27120 --- [ParkFlow] [    Test worker] com.zaxxer.hikari.HikariDataSource       : HikariPool-1 - Starting...
2025-03-05T14:14:42.371+08:00  INFO 27120 --- [ParkFlow] [    Test worker] com.zaxxer.hikari.pool.HikariPool        : HikariPool-1 - Added connection oracle.jdbc.driver.T4CConnection@504497fa
2025-03-05T14:14:42.374+08:00  INFO 27120 --- [ParkFlow] [    Test worker] com.zaxxer.hikari.HikariDataSource       : HikariPool-1 - Start completed.
2025-03-05T14:14:42.478+08:00  INFO 27120 --- [ParkFlow] [    Test worker] o.hibernate.jpa.internal.util.LogHelper  : HHH000204: Processing PersistenceUnitInfo [name: default]
2025-03-05T14:14:42.573+08:00  INFO 27120 --- [ParkFlow] [    Test worker] org.hibernate.Version                    : HHH000412: Hibernate ORM core version 6.6.8.Final
2025-03-05T14:14:42.648+08:00  INFO 27120 --- [ParkFlow] [    Test worker] o.h.c.internal.RegionFactoryInitiator    : HHH000026: Second-level cache disabled
2025-03-05T14:14:43.056+08:00  INFO 27120 --- [ParkFlow] [    Test worker] o.s.o.j.p.SpringPersistenceUnitInfo      : No LoadTimeWeaver setup: ignoring JPA class transformer
2025-03-05T14:14:43.401+08:00  INFO 27120 --- [ParkFlow] [    Test worker] org.hibernate.orm.connections.pooling    : HHH10001005: Database info:
	Database JDBC URL [Connecting through datasource 'HikariDataSource (HikariPool-1)']
	Database driver: undefined/unknown
	Database version: 19.3
	Autocommit mode: undefined/unknown
	Isolation level: undefined/unknown
	Minimum pool size: undefined/unknown
	Maximum pool size: undefined/unknown
2025-03-05T14:14:55.294+08:00  INFO 27120 --- [ParkFlow] [    Test worker] o.h.e.t.j.p.i.JtaPlatformInitiator       : HHH000489: No JTA platform available (set 'hibernate.transaction.jta.platform' to enable JTA platform integration)
2025-03-05T14:14:55.298+08:00  INFO 27120 --- [ParkFlow] [    Test worker] j.LocalContainerEntityManagerFactoryBean : Initialized JPA EntityManagerFactory for persistence unit 'default'
2025-03-05T14:14:56.509+08:00  WARN 27120 --- [ParkFlow] [    Test worker] JpaBaseConfiguration$JpaWebConfiguration : spring.jpa.open-in-view is enabled by default. Therefore, database queries may be performed during view rendering. Explicitly configure spring.jpa.open-in-view to disable this warning
2025-03-05T14:14:56.681+08:00  INFO 27120 --- [ParkFlow] [    Test worker] o.s.v.b.OptionalValidatorFactoryBean     : Failed to set up a Bean Validation provider: jakarta.validation.NoProviderFoundException: Unable to create a Configuration, because no Jakarta Bean Validation provider could be found. Add a provider like Hibernate Validator (RI) to your classpath.
2025-03-05T14:14:58.463+08:00  INFO 27120 --- [ParkFlow] [    Test worker] a.ParkFlow.ParkFlowApplicationTests      : Started ParkFlowApplicationTests in 19.004 seconds (process running for 20.376)
]]></system-out>
  <system-err><![CDATA[]]></system-err>
</testsuite>
